[1.446s] DEBUG:colcon:Command line arguments: ['/usr/bin/colcon', 'build']
[1.447s] DEBUG:colcon:Parsed command line arguments: Namespace(ament_cmake_args=None, base_paths=['.'], build_base='build', catkin_cmake_args=None, catkin_skip_building_tests=False, cmake_args=None, cmake_clean_cache=False, cmake_clean_first=False, cmake_force_configure=False, cmake_target=None, cmake_target_skip_unavailable=False, continue_on_error=False, event_handlers=None, executor='sequential', install_base='install', log_base=None, log_level=None, main=<bound method BuildVerb.main of <colcon_core.verb.build.BuildVerb object at 0x7f88f14580>>, merge_install=False, paths=None, symlink_install=False, test_result_base=None, verb_extension=<colcon_core.verb.build.BuildVerb object at 0x7f88f14580>, verb_name='build', verb_parser=CustomArgumentParser(prog='colcon build', usage=None, description='Build a set of packages.', formatter_class=<class 'colcon_core.command.CustomFormatter'>, conflict_handler='error', add_help=True))
[2.629s] Level 1:colcon.colcon_core.package_discovery:discover_packages(recursive) check parameters
[2.630s] Level 1:colcon.colcon_core.package_discovery:discover_packages(path) check parameters
[2.630s] Level 1:colcon.colcon_core.package_discovery:discover_packages(recursive) discover
[2.631s] INFO:colcon.colcon_core.package_discovery:Crawling recursively for packages in '/home/sunrise/03_Performance_Node_GitHub_pull/Performance_Node'
[2.631s] Level 1:colcon.colcon_core.package_identification:_identify(.) by extensions ['ignore', 'ignore_ament_install']
[2.632s] Level 1:colcon.colcon_core.package_identification:_identify(.) by extension 'ignore'
[2.633s] Level 1:colcon.colcon_core.package_identification:_identify(.) by extension 'ignore_ament_install'
[2.634s] Level 1:colcon.colcon_core.package_identification:_identify(.) by extensions ['ros']
[2.634s] Level 1:colcon.colcon_core.package_identification:_identify(.) by extension 'ros'
[2.865s] Level 1:colcon.colcon_core.package_identification:_identify(.) by extensions ['cmake', 'python']
[2.866s] Level 1:colcon.colcon_core.package_identification:_identify(.) by extension 'cmake'
[2.866s] Level 1:colcon.colcon_core.package_identification:_identify(.) by extension 'python'
[2.866s] Level 1:colcon.colcon_core.package_identification:_identify(.) by extensions ['python_setup_py']
[2.867s] Level 1:colcon.colcon_core.package_identification:_identify(.) by extension 'python_setup_py'
[2.867s] Level 1:colcon.colcon_core.package_identification:_identify(build) by extensions ['ignore', 'ignore_ament_install']
[2.868s] Level 1:colcon.colcon_core.package_identification:_identify(build) by extension 'ignore'
[2.868s] Level 1:colcon.colcon_core.package_identification:_identify(build) ignored
[2.869s] Level 1:colcon.colcon_core.package_identification:_identify(doc) by extensions ['ignore', 'ignore_ament_install']
[2.870s] Level 1:colcon.colcon_core.package_identification:_identify(doc) by extension 'ignore'
[2.871s] Level 1:colcon.colcon_core.package_identification:_identify(doc) by extension 'ignore_ament_install'
[2.871s] Level 1:colcon.colcon_core.package_identification:_identify(doc) by extensions ['ros']
[2.871s] Level 1:colcon.colcon_core.package_identification:_identify(doc) by extension 'ros'
[2.872s] Level 1:colcon.colcon_core.package_identification:_identify(doc) by extensions ['cmake', 'python']
[2.872s] Level 1:colcon.colcon_core.package_identification:_identify(doc) by extension 'cmake'
[2.873s] Level 1:colcon.colcon_core.package_identification:_identify(doc) by extension 'python'
[2.873s] Level 1:colcon.colcon_core.package_identification:_identify(doc) by extensions ['python_setup_py']
[2.873s] Level 1:colcon.colcon_core.package_identification:_identify(doc) by extension 'python_setup_py'
[2.874s] Level 1:colcon.colcon_core.package_identification:_identify(install) by extensions ['ignore', 'ignore_ament_install']
[2.875s] Level 1:colcon.colcon_core.package_identification:_identify(install) by extension 'ignore'
[2.875s] Level 1:colcon.colcon_core.package_identification:_identify(install) ignored
[2.876s] Level 1:colcon.colcon_core.package_identification:_identify(log) by extensions ['ignore', 'ignore_ament_install']
[2.876s] Level 1:colcon.colcon_core.package_identification:_identify(log) by extension 'ignore'
[2.877s] Level 1:colcon.colcon_core.package_identification:_identify(log) ignored
[2.877s] Level 1:colcon.colcon_core.package_identification:_identify(src) by extensions ['ignore', 'ignore_ament_install']
[2.878s] Level 1:colcon.colcon_core.package_identification:_identify(src) by extension 'ignore'
[2.878s] Level 1:colcon.colcon_core.package_identification:_identify(src) by extension 'ignore_ament_install'
[2.879s] Level 1:colcon.colcon_core.package_identification:_identify(src) by extensions ['ros']
[2.879s] Level 1:colcon.colcon_core.package_identification:_identify(src) by extension 'ros'
[2.879s] Level 1:colcon.colcon_core.package_identification:_identify(src) by extensions ['cmake', 'python']
[2.880s] Level 1:colcon.colcon_core.package_identification:_identify(src) by extension 'cmake'
[2.880s] Level 1:colcon.colcon_core.package_identification:_identify(src) by extension 'python'
[2.881s] Level 1:colcon.colcon_core.package_identification:_identify(src) by extensions ['python_setup_py']
[2.881s] Level 1:colcon.colcon_core.package_identification:_identify(src) by extension 'python_setup_py'
[2.882s] Level 1:colcon.colcon_core.package_identification:_identify(src/performance_node_pkg_py) by extensions ['ignore', 'ignore_ament_install']
[2.882s] Level 1:colcon.colcon_core.package_identification:_identify(src/performance_node_pkg_py) by extension 'ignore'
[2.883s] Level 1:colcon.colcon_core.package_identification:_identify(src/performance_node_pkg_py) by extension 'ignore_ament_install'
[2.883s] Level 1:colcon.colcon_core.package_identification:_identify(src/performance_node_pkg_py) by extensions ['ros']
[2.883s] Level 1:colcon.colcon_core.package_identification:_identify(src/performance_node_pkg_py) by extension 'ros'
[2.898s] DEBUG:colcon.colcon_core.package_identification:Package 'src/performance_node_pkg_py' with type 'ros.ament_python' and name 'performance_node_pkg_py'
[2.899s] Level 1:colcon.colcon_core.package_discovery:discover_packages(recursive) using defaults
[2.899s] Level 1:colcon.colcon_core.package_discovery:discover_packages(path) discover
[2.900s] Level 1:colcon.colcon_core.package_discovery:discover_packages(path) using defaults
[3.591s] Level 5:colcon.colcon_core.verb:set package 'performance_node_pkg_py' build argument 'cmake_args' from command line to 'None'
[3.591s] Level 5:colcon.colcon_core.verb:set package 'performance_node_pkg_py' build argument 'cmake_target' from command line to 'None'
[3.591s] Level 5:colcon.colcon_core.verb:set package 'performance_node_pkg_py' build argument 'cmake_target_skip_unavailable' from command line to 'False'
[3.592s] Level 5:colcon.colcon_core.verb:set package 'performance_node_pkg_py' build argument 'cmake_clean_cache' from command line to 'False'
[3.592s] Level 5:colcon.colcon_core.verb:set package 'performance_node_pkg_py' build argument 'cmake_clean_first' from command line to 'False'
[3.592s] Level 5:colcon.colcon_core.verb:set package 'performance_node_pkg_py' build argument 'cmake_force_configure' from command line to 'False'
[3.592s] Level 5:colcon.colcon_core.verb:set package 'performance_node_pkg_py' build argument 'ament_cmake_args' from command line to 'None'
[3.592s] Level 5:colcon.colcon_core.verb:set package 'performance_node_pkg_py' build argument 'catkin_cmake_args' from command line to 'None'
[3.593s] Level 5:colcon.colcon_core.verb:set package 'performance_node_pkg_py' build argument 'catkin_skip_building_tests' from command line to 'False'
[3.593s] DEBUG:colcon.colcon_core.verb:Building package 'performance_node_pkg_py' with the following arguments: {'ament_cmake_args': None, 'build_base': '/home/sunrise/03_Performance_Node_GitHub_pull/Performance_Node/build/performance_node_pkg_py', 'catkin_cmake_args': None, 'catkin_skip_building_tests': False, 'cmake_args': None, 'cmake_clean_cache': False, 'cmake_clean_first': False, 'cmake_force_configure': False, 'cmake_target': None, 'cmake_target_skip_unavailable': False, 'install_base': '/home/sunrise/03_Performance_Node_GitHub_pull/Performance_Node/install/performance_node_pkg_py', 'merge_install': False, 'path': '/home/sunrise/03_Performance_Node_GitHub_pull/Performance_Node/src/performance_node_pkg_py', 'symlink_install': False, 'test_result_base': None}
[3.727s] INFO:colcon.colcon_core.executor:Executing jobs using 'sequential' executor
[3.873s] DEBUG:colcon.colcon_core.executor.sequential:run_until_complete 'performance_node_pkg_py'
[3.874s] INFO:colcon.colcon_ros.task.ament_python.build:Building ROS package in '/home/sunrise/03_Performance_Node_GitHub_pull/Performance_Node/src/performance_node_pkg_py' with build type 'ament_python'
[3.875s] Level 1:colcon.colcon_core.shell:create_environment_hook('performance_node_pkg_py', 'ament_prefix_path')
[4.016s] INFO:colcon.colcon_core.plugin_system:Skipping extension 'colcon_core.shell.bat': Not used on non-Windows systems
[4.017s] INFO:colcon.colcon_core.shell:Creating environment descriptor '/home/sunrise/03_Performance_Node_GitHub_pull/Performance_Node/install/performance_node_pkg_py/share/performance_node_pkg_py/hook/ament_prefix_path.dsv'
[4.020s] INFO:colcon.colcon_core.shell:Creating environment hook '/home/sunrise/03_Performance_Node_GitHub_pull/Performance_Node/install/performance_node_pkg_py/share/performance_node_pkg_py/hook/ament_prefix_path.sh'
[4.171s] DEBUG:colcon.colcon_core.shell:Skip shell extension 'dsv' for command environment
[5.610s] INFO:colcon.colcon_core.task.python.build:Building Python package in '/home/sunrise/03_Performance_Node_GitHub_pull/Performance_Node/src/performance_node_pkg_py'
[5.748s] DEBUG:colcon.colcon_core.shell:Skip shell extension 'dsv' for command environment
[7.961s] DEBUG:colcon.colcon_core.event_handler.log_command:Invoking command in '/home/sunrise/03_Performance_Node_GitHub_pull/Performance_Node/src/performance_node_pkg_py': PYTHONPATH=/home/sunrise/03_Performance_Node_GitHub_pull/Performance_Node/build/performance_node_pkg_py/prefix_override:/home/sunrise/03_Performance_Node_GitHub_pull/Performance_Node/install/performance_node_pkg_py/lib/python3.8/site-packages: /usr/bin/python3 setup.py egg_info --egg-base ../../build/performance_node_pkg_py build --build-base /home/sunrise/03_Performance_Node_GitHub_pull/Performance_Node/build/performance_node_pkg_py/build install --record /home/sunrise/03_Performance_Node_GitHub_pull/Performance_Node/build/performance_node_pkg_py/install.log --install-scripts $base/lib/performance_node_pkg_py --single-version-externally-managed
[9.774s] DEBUG:colcon.colcon_core.event_handler.log_command:Invoked command in '/home/sunrise/03_Performance_Node_GitHub_pull/Performance_Node/src/performance_node_pkg_py' returned '0': PYTHONPATH=/home/sunrise/03_Performance_Node_GitHub_pull/Performance_Node/build/performance_node_pkg_py/prefix_override:/home/sunrise/03_Performance_Node_GitHub_pull/Performance_Node/install/performance_node_pkg_py/lib/python3.8/site-packages: /usr/bin/python3 setup.py egg_info --egg-base ../../build/performance_node_pkg_py build --build-base /home/sunrise/03_Performance_Node_GitHub_pull/Performance_Node/build/performance_node_pkg_py/build install --record /home/sunrise/03_Performance_Node_GitHub_pull/Performance_Node/build/performance_node_pkg_py/install.log --install-scripts $base/lib/performance_node_pkg_py --single-version-externally-managed
[9.934s] Level 1:colcon.colcon_core.environment:checking '/home/sunrise/03_Performance_Node_GitHub_pull/Performance_Node/install/performance_node_pkg_py' for CMake module files
[9.937s] Level 1:colcon.colcon_core.environment:checking '/home/sunrise/03_Performance_Node_GitHub_pull/Performance_Node/install/performance_node_pkg_py' for CMake config files
[9.941s] Level 1:colcon.colcon_core.environment:checking '/home/sunrise/03_Performance_Node_GitHub_pull/Performance_Node/install/performance_node_pkg_py/lib'
[9.943s] Level 1:colcon.colcon_core.environment:checking '/home/sunrise/03_Performance_Node_GitHub_pull/Performance_Node/install/performance_node_pkg_py/bin'
[9.943s] Level 1:colcon.colcon_core.environment:checking '/home/sunrise/03_Performance_Node_GitHub_pull/Performance_Node/install/performance_node_pkg_py/lib/pkgconfig/performance_node_pkg_py.pc'
[9.945s] Level 1:colcon.colcon_core.environment:checking '/home/sunrise/03_Performance_Node_GitHub_pull/Performance_Node/install/performance_node_pkg_py/lib/python3.8/site-packages'
[9.946s] Level 1:colcon.colcon_core.shell:create_environment_hook('performance_node_pkg_py', 'pythonpath')
[10.105s] INFO:colcon.colcon_core.shell:Creating environment descriptor '/home/sunrise/03_Performance_Node_GitHub_pull/Performance_Node/install/performance_node_pkg_py/share/performance_node_pkg_py/hook/pythonpath.dsv'
[10.108s] INFO:colcon.colcon_core.shell:Creating environment hook '/home/sunrise/03_Performance_Node_GitHub_pull/Performance_Node/install/performance_node_pkg_py/share/performance_node_pkg_py/hook/pythonpath.sh'
[10.111s] Level 1:colcon.colcon_core.environment:checking '/home/sunrise/03_Performance_Node_GitHub_pull/Performance_Node/install/performance_node_pkg_py/bin'
[10.112s] Level 1:colcon.colcon_core.environment:create_environment_scripts_only(performance_node_pkg_py)
[10.273s] INFO:colcon.colcon_core.shell:Creating package descriptor '/home/sunrise/03_Performance_Node_GitHub_pull/Performance_Node/install/performance_node_pkg_py/share/performance_node_pkg_py/package.dsv'
[10.277s] INFO:colcon.colcon_core.shell:Creating package script '/home/sunrise/03_Performance_Node_GitHub_pull/Performance_Node/install/performance_node_pkg_py/share/performance_node_pkg_py/package.sh'
[10.282s] Level 1:colcon.colcon_core.environment:create_file_with_runtime_dependencies(/home/sunrise/03_Performance_Node_GitHub_pull/Performance_Node/install/performance_node_pkg_py/share/colcon-core/packages/performance_node_pkg_py)
[10.284s] DEBUG:colcon.colcon_core.executor.sequential:run_until_complete 'performance_node_pkg_py' finished with '0'
[10.285s] DEBUG:colcon.colcon_core.executor.sequential:closing loop
[10.286s] DEBUG:colcon.colcon_core.executor.sequential:loop closed
[10.286s] DEBUG:colcon.colcon_core.event_reactor:joining thread
[10.287s] DEBUG:colcon.colcon_core.event_reactor:joined thread
[10.433s] INFO:colcon.colcon_core.shell:Creating prefix script '/home/sunrise/03_Performance_Node_GitHub_pull/Performance_Node/install/local_setup.sh'
[10.437s] INFO:colcon.colcon_core.shell:Creating prefix util module '/home/sunrise/03_Performance_Node_GitHub_pull/Performance_Node/install/_local_setup_util_sh.py'
[10.448s] INFO:colcon.colcon_core.shell:Creating prefix chain script '/home/sunrise/03_Performance_Node_GitHub_pull/Performance_Node/install/setup.sh'
