/home/sunrise/03_Performance_Node_GitHub_pull/Performance_Node/install/performance_node_pkg_py/lib/python3.8/site-packages/performance_node_pkg_py/performance_node.py
/home/sunrise/03_Performance_Node_GitHub_pull/Performance_Node/install/performance_node_pkg_py/lib/python3.8/site-packages/performance_node_pkg_py/__init__.py
/home/sunrise/03_Performance_Node_GitHub_pull/Performance_Node/install/performance_node_pkg_py/lib/python3.8/site-packages/performance_node_pkg_py/templates/index.html
/home/sunrise/03_Performance_Node_GitHub_pull/Performance_Node/install/performance_node_pkg_py/lib/python3.8/site-packages/performance_node_pkg_py/templates/index_wide.html
/home/sunrise/03_Performance_Node_GitHub_pull/Performance_Node/install/performance_node_pkg_py/lib/python3.8/site-packages/performance_node_pkg_py/static/echarts.min.js
/home/sunrise/03_Performance_Node_GitHub_pull/Performance_Node/install/performance_node_pkg_py/lib/python3.8/site-packages/performance_node_pkg_py/static/getState.js
/home/sunrise/03_Performance_Node_GitHub_pull/Performance_Node/install/performance_node_pkg_py/lib/python3.8/site-packages/performance_node_pkg_py/static/images/logo-HorizonDeveloper.svg
/home/sunrise/03_Performance_Node_GitHub_pull/Performance_Node/install/performance_node_pkg_py/lib/python3.8/site-packages/performance_node_pkg_py/static/images/favicon.png
/home/sunrise/03_Performance_Node_GitHub_pull/Performance_Node/install/performance_node_pkg_py/lib/python3.8/site-packages/performance_node_pkg_py/__pycache__/performance_node.cpython-38.pyc
/home/sunrise/03_Performance_Node_GitHub_pull/Performance_Node/install/performance_node_pkg_py/lib/python3.8/site-packages/performance_node_pkg_py/__pycache__/__init__.cpython-38.pyc
/home/sunrise/03_Performance_Node_GitHub_pull/Performance_Node/install/performance_node_pkg_py/share/ament_index/resource_index/packages/performance_node_pkg_py
/home/sunrise/03_Performance_Node_GitHub_pull/Performance_Node/install/performance_node_pkg_py/share/performance_node_pkg_py/package.xml
/home/sunrise/03_Performance_Node_GitHub_pull/Performance_Node/install/performance_node_pkg_py/lib/python3.8/site-packages/performance_node_pkg_py-0.0.0-py3.8.egg-info/top_level.txt
/home/sunrise/03_Performance_Node_GitHub_pull/Performance_Node/install/performance_node_pkg_py/lib/python3.8/site-packages/performance_node_pkg_py-0.0.0-py3.8.egg-info/entry_points.txt
/home/sunrise/03_Performance_Node_GitHub_pull/Performance_Node/install/performance_node_pkg_py/lib/python3.8/site-packages/performance_node_pkg_py-0.0.0-py3.8.egg-info/dependency_links.txt
/home/sunrise/03_Performance_Node_GitHub_pull/Performance_Node/install/performance_node_pkg_py/lib/python3.8/site-packages/performance_node_pkg_py-0.0.0-py3.8.egg-info/requires.txt
/home/sunrise/03_Performance_Node_GitHub_pull/Performance_Node/install/performance_node_pkg_py/lib/python3.8/site-packages/performance_node_pkg_py-0.0.0-py3.8.egg-info/zip-safe
/home/sunrise/03_Performance_Node_GitHub_pull/Performance_Node/install/performance_node_pkg_py/lib/python3.8/site-packages/performance_node_pkg_py-0.0.0-py3.8.egg-info/SOURCES.txt
/home/sunrise/03_Performance_Node_GitHub_pull/Performance_Node/install/performance_node_pkg_py/lib/python3.8/site-packages/performance_node_pkg_py-0.0.0-py3.8.egg-info/PKG-INFO
/home/sunrise/03_Performance_Node_GitHub_pull/Performance_Node/install/performance_node_pkg_py/lib/performance_node_pkg_py/performance_node
